3
1234567890
8413085834742
9
8716
612247424560294035
93251396909
922
9438080
72794715
52032096110
956148
932247472
890
33
946
153
9098
82156
8
975952737
99030532
8056
8665
522842
913213076158
822
90443
9161316396
68604002800403
933525582
8080681236222
881616138933
9615
838867
96
9554846645206
8218
4303
827555099808249
99
108
131
576571
100
5339649149760614
950402313
8311551568654
12
8773980695386
9347051677139
890
928587738559
991
44211617985549
9267
110
62
77
9855
903
78
911
973
92
71047644290098
9146257836
74990
1688
9403961
94884
762739724773184724
7573091
148
65032995
69
87907845139
89
867
941721029
725458
995928718
7450575
773779
1037
6372
98380302
113
9261657548
72471237
85505001
886490
214
9433344232
17
35
8172404248
60
25
107
