1671
117
1402
2952
1975
279
154
3756
123
2585
3717
1184
3807
35
933
165
1963
2115
145
1333
523
2854
595
710
1756
1394
1037
1863
1215
2847
2537
3130
3107
281
4952
3615
1672
2630
3795
2294
608
2073
2655
1599
2056
1086
3624
3287
2684
200
2024
348
3087
4219
3009
3122
3448
97
1608
4217
4465
1114
3034
1654
2039
651
3073
3980
2563
4037
3297
1745
79
3298
2570
3601
645
479
294
4597
1680
372
1663
221
2170
2798
4761
3442
1032
1912
1239
872
3878
3519
906
2284
1522
3313
2229
1352
385846
295937
477022
499515
484599
4983
224970
429950
132617
199647
284944
424118
495843
399655
437961
464731
455475
128524
251297
127024
424599
217164
400340
343543
463235
500722
53323
313158
382367
406030
483025
310114
153763
440870
464485
404331
232702
308984
305828
248177
485787
473201
237486
300257
402216
493113
498324
495235
478344
421262
152389
486557
9901
436917
307535
403129
352886
379542
477904
413462
464830
488578
495605
429933
391234
459157
253170
330471
492017
314856
488720
485645
492089
303154
396291
218452
214821
354759
492544
315497
96055
413354
380515
504542
22763
435003
340909
495400
269047
24561
357984
89661
368795
497033
331481
451834
66468
472669
244225
501427
46743721
46890551
46835319
46749614
47234059
269323617
268925113
