46 200
69 106
92 321
53 861
60 1306
94 476
97 230
98 1518
11 1037
19 1644
81 738
1 180
34 52
93 287
79 1543
10 643
40 1061
95 1369
80 1482
86 417
31 605
10 972
53 1246
58 268
96 1531
6 1393
86 1118
10 161
86 1542
60 1328
66 363
5 379
60 184
3 1703
95 115
55 1070
71 1877
50 1320
69 602
89 1674
35 1211
34 287
51 1782
69 148
23 1649
77 505
74 1343
28 1213
56 549
4 1106
30 1744
98 1525
77 48
12 346
35 73
2 130
65 760
72 38
99 1738
97 1525
33 976
19 1277
27 213
96 1639
26 739
19 1691
54 179
15 695
37 667
16 450
84 365
4 1364
81 458
4 809
40 324
39 1314
93 856
84 1149
31 1397
49 160
67 1069
59 1458
48 1484
49 246
51 805
12 1533
87 605
29 1767
2 1742
68 143
98 1076
42 651
80 71
33 1395
30 990
5 820
91 1265
82 755
71 1612
83 308
49 1291
42 802
36 1476
94 1048
63 1131
64 675
10 1532
18 713
98 903
75 122
44 276
74 1679
30 1445
70 46
1 921
7 1535
98 377
10 1874
80 577
22 1442
41 414
47 1279
43 1316
21 1756
54 461
39 897
26 1282
53 820
22 313
94 725
48 1186
39 496
94 220
65 503
39 1228
87 1478
10 1727
75 1689
98 41
21 183
34 351
42 854
81 199
58 1363
31 899
3 1066
91 277
44 242
60 584
31 726
62 379
43 1324
91 37
93 23
30 1588
60 1672
31 263
17 658
4 978
3 1053
85 511
1 1757
17 1628
19 1260
93 809
60 1277
71 394
80 996
1 261
23 1454
98 1033
99 506
80 1301
39 1176
11 968
20 124
23 404
26 1453
78 32
13 1159
17 1427
21 816
78 1765
66 1362
42 1299
5 133
12 7
67 525
33 562
58 525
71 520
8 1720
30 160
71 1612
56 1412
14 1876
44 1480
4 135
5 208
50 1646
20 1189
18 623
24 1759
15 535
17 432
38 359
88 1300
7 1732
97 1555
39 1668
29 704
53 1504
54 1512
72 9
39 27
29 1294
13 1495
37 440
50 1605
77 1526
6 1227
63 763
67 431
25 1379
48 55
44 1856
49 1013
31 1455
56 1619
96 221
53 1652
2 1479
42 948
94 14
11 1733
77 1237
90 1453
67 326
41 1814
7 1073
11 1610
31 1124
36 792
6 1129
85 348
63 1046
35 318
66 496
19 1251
9 757
7 1160
35 1084
79 860
18 648
64 1720
62 818
19 760
31 327
49 620
96 1770
51 1489
90 58
19 1004
1 1703
40 16
9 1135
34 747
4 275
27 1148
34 1592
59 31
93 952
55 1342
75 1329
74 1038
90 705
82 1632
46 976
41 1543
17 1280
98 225
23 384
65 1827
3 1595
85 608
66 849
24 205
96 530
32 628
26 1332
14 281
2 1395
74 88
97 588
96 1010
23 483
41 1126
72 1023
17 1722
69 298
23 1873
62 289
9 1497
68 1099
70 1747
60 476
7 725
27 439
46 1002
64 1683
46 502
70 855
46 1467
20 1514
48 1849
14 1102
79 1007
46 296
47 1762
47 511
74 202
38 949
93 1749
41 1891
74 682
97 1815
12 931
97 418
26 489
97 1364
14 1317
5 55
23 1704
1 150
93 868
21 1884
56 1592
48 1750
77 70
11 586
44 194
5 747
23 331
6 252
18 274
29 1607
24 862
55 986
70 426
63 1794
53 451
79 797
26 1657
27 1651
92 1139
96 122
76 525
56 1552
62 1219
47 1493
23 736
28 1188
41 776
58 778
67 1050
98 929
51 1793
4 452
32 423
91 1012
84 609
96 1361
12 352
78 1614
95 1819
78 681
10 346
74 776
40 563
71 1228
16 658
34 275
95 320
36 835
8 337
57 1104
73 47
23 858
12 899
78 740
69 1704
39 691
36 1354
14 15
41 946
53 824
12 1850
53 863
35 1454
23 219
10 1858
89 1106
11 620
40 1639
66 706
58 1564
77 279
64 23
61 1600
88 1822
92 1126
60 1492
37 926
74 949
87 1823
33 1437
35 114
85 1061
96 1632
12 1310
59 1829
51 386
55 1571
38 16
19 1513
6 1644
97 1635
40 872
64 943
96 1218
86 195
51 919
68 1569
77 1017
59 1609
12 635
79 1617
59 984
5 325
38 248
42 1785
14 102
44 434
39 1370
96 926
34 1470
22 726
97 291
94 984
31 497
2 427
31 189
96 432
90 1134
66 1000
66 845
82 1390
5 494
97 1420
38 956
91 863
61 1752
36 616
38 1755
48 1675
24 1416
66 783
33 1778
30 450
39 260
73 1345
69 589
56 1109
52 956
50 1195
27 1798
67 1822
80 1691
29 179
7 1159
98 909
14 515
79 1347
45 809
61 37
8 784
71 1463
69 1308
57 131
98 586
51 427
73 1114
37 22
3 1672
1 893
90 1409
26 529
82 485
61 1880
36 1408
53 422
30 701
15 1282
97 1768
11 883
91 809
65 820
39 272
48 1585
46 1576
87 1024
75 474
42 262
83 1491
71 1706
99 401
71 329
61 1740
93 1707
23 178
54 709
3 713
4 346
44 252
33 392
46 130
16 1031
88 764
6 356
8 741
94 544
67 951
96 1007
96 1771
2 913
17 884
51 1154
63 557
72 70
12 983
39 420
30 296
9 21
93 878
84 1215
59 1652
10 1701
45 1522
22 1122
48 1435
89 802
87 235
36 416
45 786
46 1701
58 322
18 481
25 595
61 556
1 321
42 399
72 728
22 774
5 265
8 137
37 1173
5 1381
62 745
60 238
9 343
84 400
84 1852
94 1684
4 713
89 123
82 944
16 1231
65 267
48 601
50 1139
30 499
64 474
22 576
62 1420
13 1128
13 1205
36 182
72 1843
85 1056
38 1225
56 1359
21.93
