1
1100
1100
0000
0000
2
0110
0110
0000
0000
3
0011
0011
0000
0000
4
0000
1100
1100
0000
5
0000
0110
0110
0000
6
0000
0011
0011
0000
7
0000
0000
1100
1100
8
0000
0000
0110
0110
9
0000
0000
0011
0011
10
1010
1100
0000
0000
11
1100
1010
0000
0000
12
1100
0100
1000
0000
13
1100
1000
0100
0000
14
1010
0110
0000
0000
15
0101
0110
0000
0000
16
0110
1010
0000
0000
17
0110
0101
0000
0000
18
0110
0010
0100
0000
19
0110
0100
0010
0000
20
0101
0011
0000
0000
21
0011
0101
0000
0000
22
0011
0001
0010
0000
23
0011
0010
0001
0000
24
0000
1010
1100
0000
25
0000
1100
1010
0000
26
1000
0100
1100
0000
27
0100
1000
1100
0000
28
0000
1100
0100
1000
29
0000
1100
1000
0100
30
0000
1010
0110
0000
31
0000
0101
0110
0000
32
0000
0110
1010
0000
33
0000
0110
0101
0000
34
0100
0010
0110
0000
35
0010
0100
0110
0000
36
0000
0110
0010
0100
37
0000
0110
0100
0010
38
0000
0101
0011
0000
39
0000
0011
0101
0000
40
0010
0001
0011
0000
41
0001
0010
0011
0000
42
0000
0011
0001
0010
43
0000
0011
0010
0001
44
0000
0000
1010
1100
45
0000
0000
1100
1010
46
0000
1000
0100
1100
47
0000
0100
1000
1100
48
0000
0000
1010
0110
49
0000
0000
0101
0110
50
0000
0000
0110
1010
51
0000
0000
0110
0101
52
0000
0100
0010
0110
53
0000
0010
0100
0110
54
0000
0000
0101
0011
55
0000
0000
0011
0101
56
0000
0010
0001
0011
57
0000
0001
0010
0011
58
0110
1100
0000
0000
59
1001
1100
0000
0000
60
1010
1010
0000
0000
61
1110
1000
0000
0000
62
1000
1110
0000
0000
63
1010
0100
1000
0000
64
1010
1000
0100
0000
65
1100
0110
0000
0000
66
1100
1001
0000
0000
67
1100
0010
1000
0000
68
1100
1000
0010
0000
69
1100
1000
1000
0000
70
1100
0100
0100
0000
71
0100
1100
1000
0000
72
1100
0000
1100
0000
73
1100
0100
0000
1000
74
1000
1100
0100
0000
75
1100
1000
0000
0100
76
1001
0110
0000
0000
77
1010
0101
0000
0000
78
0010
1110
0000
0000
79
1110
0010
0000
0000
80
1010
0010
0100
0000
81
1010
0100
0010
0000
82
0011
0110
0000
0000
83
0101
1010
0000
0000
84
0101
0101
0000
0000
85
0111
0100
0000
0000
86
0100
0111
0000
0000
87
0101
0010
0100
0000
88
0101
0100
0010
0000
89
0110
1001
0000
0000
90
0110
0010
1000
0000
91
0110
1000
0010
0000
92
0110
0011
0000
0000
93
0110
0001
0100
0000
94
0110
0100
0001
0000
95
0110
0100
0100
0000
96
0110
0010
0010
0000
97
0010
0110
0100
0000
98
0110
0000
0110
0000
99
0110
0010
0000
0100
100
0100
0110
0010
0000
101
0110
0100
0000
0010
102
1001
0011
0000
0000
103
0001
0111
0000
0000
104
0111
0001
0000
0000
105
0101
0001
0010
0000
106
0101
0010
0001
0000
107
0011
1001
0000
0000
108
0011
0001
0100
0000
109
0011
0100
0001
0000
110
0011
0010
0010
0000
111
0011
0001
0001
0000
112
0001
0011
0010
0000
113
0011
0000
0011
0000
114
0011
0001
0000
0010
115
0010
0011
0001
0000
116
0011
0010
0000
0001
117
0000
0110
1100
0000
118
0000
1001
1100
0000
119
0000
1010
1010
0000
120
1000
0010
1100
0000
121
0010
1000
1100
0000
122
0000
1110
1000
0000
123
0000
1000
1110
0000
124
0000
1010
0100
1000
125
0000
1010
1000
0100
126
0000
1100
0110
0000
127
0000
1100
1001
0000
128
1000
0100
1010
0000
129
0100
1000
1010
0000
130
0000
1100
0010
1000
131
0000
1100
1000
0010
132
0100
0100
1100
0000
133
1000
1000
1100
0000
134
1000
0100
0100
1000
135
1000
0100
1000
0100
136
0100
1000
0100
1000
137
0100
1000
1000
0100
138
0000
1100
1000
1000
139
0000
1100
0100
0100
140
0000
0100
1100
1000
141
0000
1100
0000
1100
142
0000
1000
1100
0100
143
0000
1001
0110
0000
144
0000
1010
0101
0000
145
1000
0010
0110
0000
146
0010
1000
0110
0000
147
0000
0010
1110
0000
148
0000
1110
0010
0000
149
0000
1010
0010
0100
150
0000
1010
0100
0010
151
0000
0011
0110
0000
152
0000
0101
1010
0000
153
0000
0101
0101
0000
154
0100
0001
0110
0000
155
0001
0100
0110
0000
156
0000
0111
0100
0000
157
0000
0100
0111
0000
158
0000
0101
0010
0100
159
0000
0101
0100
0010
160
0000
0110
1001
0000
161
0100
0010
1010
0000
162
0010
0100
1010
0000
163
0000
0110
0010
1000
164
0000
0110
1000
0010
165
0000
0110
0011
0000
166
0100
0010
0101
0000
167
0010
0100
0101
0000
168
0000
0110
0001
0100
169
0000
0110
0100
0001
170
0010
0010
0110
0000
171
0100
0100
0110
0000
172
0100
0010
0010
0100
173
0100
0010
0100
0010
174
0010
0100
0010
0100
175
0010
0100
0100
0010
176
0000
0110
0100
0100
177
0000
0110
0010
0010
178
0000
0010
0110
0100
179
0000
0110
0000
0110
180
0000
0100
0110
0010
181
0000
1001
0011
0000
182
0100
0001
0011
0000
183
0001
0100
0011
0000
184
0000
0001
0111
0000
185
0000
0111
0001
0000
186
0000
0101
0001
0010
187
0000
0101
0010
0001
188
0000
0011
1001
0000
189
0010
0001
0101
0000
190
0001
0010
0101
0000
191
0000
0011
0001
0100
192
0000
0011
0100
0001
193
0001
0001
0011
0000
194
0010
0010
0011
0000
195
0010
0001
0001
0010
196
0010
0001
0010
0001
197
0001
0010
0001
0010
198
0001
0010
0010
0001
199
0000
0011
0010
0010
200
0000
0011
0001
0001
201
0000
0001
0011
0010
202
0000
0011
0000
0011
203
0000
0010
0011
0001
204
0000
0000
0110
1100
205
0000
0000
1001
1100
206
0000
0000
1010
1010
207
0000
1000
0010
1100
208
0000
0010
1000
1100
209
0000
0000
1110
1000
210
0000
0000
1000
1110
211
0000
0000
1100
0110
212
0000
0000
1100
1001
213
0000
1000
0100
1010
214
0000
0100
1000
1010
215
0000
0100
0100
1100
216
0000
1000
1000
1100
217
1000
0000
0100
1100
218
0100
0000
1000
1100
219
0000
0000
1001
0110
220
0000
0000
1010
0101
221
0000
1000
0010
0110
222
0000
0010
1000
0110
223
0000
0000
0010
1110
224
0000
0000
1110
0010
225
0000
0000
0011
0110
226
0000
0000
0101
1010
227
0000
0000
0101
0101
228
0000
0100
0001
0110
229
0000
0001
0100
0110
230
0000
0000
0111
0100
231
0000
0000
0100
0111
232
0000
0000
0110
1001
233
0000
0100
0010
1010
234
0000
0010
0100
1010
235
0000
0000
0110
0011
236
0000
0100
0010
0101
237
0000
0010
0100
0101
238
0000
0010
0010
0110
239
0000
0100
0100
0110
240
0100
0000
0010
0110
241
0010
0000
0100
0110
242
0000
0000
1001
0011
243
0000
0100
0001
0011
244
0000
0001
0100
0011
245
0000
0000
0001
0111
246
0000
0000
0111
0001
247
0000
0000
0011
1001
248
0000
0010
0001
0101
249
0000
0001
0010
0101
250
0000
0001
0001
0011
251
0000
0010
0010
0011
252
0010
0000
0001
0011
253
0001
0000
0010
0011
254
0101
1100
0000
0000
255
1110
0100
0000
0000
256
0100
1110
0000
0000
257
0110
0100
1000
0000
258
0110
1000
0100
0000
259
1001
1010
0000
0000
260
1101
1000
0000
0000
261
1000
1101
0000
0000
262
1001
0100
1000
0000
263
1001
1000
0100
0000
264
1010
1001
0000
0000
265
1010
0010
1000
0000
266
1010
1000
0010
0000
267
1110
0000
1000
0000
268
1000
0110
1000
0000
269
1000
1010
0100
0000
270
1000
1100
0010
0000
271
1010
1000
1000
0000
272
1010
0100
0100
0000
273
0010
1100
1000
0000
274
1010
0000
1100
0000
275
1010
0100
0000
1000
276
1010
1000
0000
0100
277
1100
0101
0000
0000
278
1100
0010
0100
0000
279
1100
0100
0010
0000
280
1100
0001
1000
0000
281
1100
1000
0001
0000
282
0100
1010
1000
0000
283
1100
0000
1010
0000
284
1100
0010
0000
1000
285
1100
1000
0000
0010
286
1000
1100
1000
0000
287
1100
1000
0000
1000
288
0100
1100
0100
0000
289
1100
0100
0000
0100
290
0100
1100
0000
1000
291
1100
0000
0100
1000
292
1100
0000
1000
0100
293
1000
1100
0000
0100
294
1001
0101
0000
0000
295
0001
1110
0000
0000
296
1101
0010
0000
0000
297
1011
0100
0000
0000
298
1000
0111
0000
0000
299
1001
0010
0100
0000
300
1001
0100
0010
0000
301
1010
0011
0000
0000
302
0010
1101
0000
0000
303
1110
0001
0000
0000
304
1010
0001
0100
0000
305
1010
0100
0001
0000
306
0010
0110
1000
0000
307
0010
1010
0100
0000
308
0010
1100
0010
0000
309
1110
0000
0010
0000
310
1010
0010
0010
0000
311
1010
0000
0110
0000
312
1010
0010
0000
0100
313
1000
0110
0010
0000
314
1010
0100
0000
0010
315
0011
1010
0000
0000
316
0111
0010
0000
0000
317
0010
0111
0000
0000
318
0011
0010
0100
0000
319
0011
0100
0010
0000
320
0101
1001
0000
0000
321
0111
1000
0000
0000
322
0100
1011
0000
0000
323
0101
0010
1000
0000
324
0101
1000
0010
0000
325
0101
0001
0100
0000
326
0101
0100
0001
0000
327
0111
0000
0100
0000
328
0100
0011
0100
0000
329
0100
0101
0010
0000
330
0100
0110
0001
0000
331
0101
0100
0100
0000
332
0101
0010
0010
0000
333
0001
0110
0100
0000
334
0101
0000
0110
0000
335
0101
0010
0000
0100
336
0101
0100
0000
0010
337
0110
0001
1000
0000
338
0110
1000
0001
0000
339
0110
0000
1010
0000
340
0110
0010
0000
1000
341
0100
1010
0010
0000
342
0110
1000
0000
0010
343
0110
0001
0010
0000
344
0110
0010
0001
0000
345
0010
0101
0100
0000
346
0110
0000
0101
0000
347
0110
0001
0000
0100
348
0110
0100
0000
0001
349
0100
0110
0100
0000
350
0110
0100
0000
0100
351
0010
0110
0010
0000
352
0110
0010
0000
0010
353
0010
0110
0000
0100
354
0110
0000
0010
0100
355
0110
0000
0100
0010
356
0100
0110
0000
0010
357
0001
1011
0000
0000
358
1011
0001
0000
0000
359
1001
0001
0010
0000
360
1001
0010
0001
0000
361
0001
0011
0100
0000
362
0001
0101
0010
0000
363
0001
0110
0001
0000
364
0111
0000
0001
0000
365
0101
0001
0001
0000
366
0101
0000
0011
0000
367
0101
0001
0000
0010
368
0100
0011
0001
0000
369
0101
0010
0000
0001
370
0011
0001
1000
0000
371
0011
1000
0001
0000
372
0011
0000
0101
0000
373
0011
0001
0000
0100
374
0010
0101
0001
0000
375
0011
0100
0000
0001
376
0010
0011
0010
0000
377
0011
0010
0000
0010
378
0001
0011
0001
0000
379
0011
0001
0000
0001
380
0001
0011
0000
0010
381
0011
0000
0001
0010
382
0011
0000
0010
0001
383
0010
0011
0000
0001
384
0000
0101
1100
0000
385
0100
0010
1100
0000
386
0010
0100
1100
0000
387
0000
1110
0100
0000
388
0000
0100
1110
0000
389
0000
0110
0100
1000
390
0000
0110
1000
0100
391
0000
1001
1010
0000
392
1000
0001
1100
0000
393
0001
1000
1100
0000
394
0000
1101
1000
0000
395
0000
1000
1101
0000
396
0000
1001
0100
1000
397
0000
1001
1000
0100
398
0000
1010
1001
0000
399
1000
0010
1010
0000
400
0010
1000
1010
0000
401
0000
1010
0010
1000
402
0000
1010
1000
0010
403
1000
0000
1110
0000
404
1000
0010
0100
1000
405
1000
0010
1000
0100
406
0010
1000
0100
1000
407
0010
1000
1000
0100
408
0000
1110
0000
1000
409
0000
1000
0110
1000
410
0000
1000
1010
0100
411
0000
1000
1100
0010
412
0000
1010
1000
1000
413
0000
1010
0100
0100
414
0000
0010
1100
1000
415
0000
1010
0000
1100
416
0000
1100
0101
0000
417
1000
0100
0110
0000
418
0100
1000
0110
0000
419
0000
1100
0010
0100
420
0000
1100
0100
0010
421
1000
0100
1001
0000
422
0100
1000
1001
0000
423
0000
1100
0001
1000
424
0000
1100
1000
0001
425
0100
0100
1010
0000
426
1000
1000
1010
0000
427
1000
0100
0010
1000
428
1000
0100
1000
0010
429
0100
1000
0010
1000
430
0100
1000
1000
0010
431
0000
0100
1010
1000
432
0000
1100
0000
1010
433
0100
0100
0100
1000
434
0100
0100
1000
0100
435
1000
1000
0100
1000
436
1000
1000
1000
0100
437
1000
0100
1000
1000
438
1000
0100
0100
0100
439
1000
0100
0000
1100
440
1000
0000
1100
0100
441
0100
1000
1000
1000
442
0100
1000
0100
0100
443
0100
0000
1100
1000
444
0100
1000
0000
1100
445
0000
1000
1100
1000
446
0000
0100
1100
0100
447
0000
1001
0101
0000
448
1000
0001
0110
0000
449
0001
1000
0110
0000
450
0000
0001
1110
0000
451
0000
1101
0010
0000
452
0000
1011
0100
0000
453
0000
1000
0111
0000
454
0000
1001
0010
0100
455
0000
1001
0100
0010
456
0000
1010
0011
0000
457
1000
0010
0101
0000
458
0010
1000
0101
0000
459
0000
0010
1101
0000
460
0000
1110
0001
0000
461
0000
1010
0001
0100
462
0000
1010
0100
0001
463
1000
0010
0010
0100
464
1000
0010
0100
0010
465
0010
0000
1110
0000
466
0010
1000
0010
0100
467
0010
1000
0100
0010
468
0000
0010
0110
1000
469
0000
0010
1010
0100
470
0000
0010
1100
0010
471
0000
1110
0000
0010
472
0000
1010
0010
0010
473
0000
1010
0000
0110
474
0000
1000
0110
0010
475
0000
0011
1010
0000
476
0010
0001
0110
0000
477
0001
0010
0110
0000
478
0000
0111
0010
0000
479
0000
0010
0111
0000
480
0000
0011
0010
0100
481
0000
0011
0100
0010
482
0000
0101
1001
0000
483
0100
0001
1010
0000
484
0001
0100
1010
0000
485
0000
0111
1000
0000
486
0000
0100
1011
0000
487
0000
0101
0010
1000
488
0000
0101
1000
0010
489
0100
0001
0101
0000
490
0001
0100
0101
0000
491
0000
0101
0001
0100
492
0000
0101
0100
0001
493
0100
0000
0111
0000
494
0100
0001
0010
0100
495
0100
0001
0100
0010
496
0001
0100
0010
0100
497
0001
0100
0100
0010
498
0000
0111
0000
0100
499
0000
0100
0011
0100
500
0000
0100
0101
0010
501
0000
0100
0110
0001
502
0000
0101
0100
0100
503
0000
0101
0010
0010
504
0000
0001
0110
0100
505
0000
0101
0000
0110
506
0100
0010
1001
0000
507
0010
0100
1001
0000
508
0000
0110
0001
1000
509
0000
0110
1000
0001
510
0010
0010
1010
0000
511
0100
0010
0010
1000
512
0100
0010
1000
0010
513
0010
0100
0010
1000
514
0010
0100
1000
0010
515
0000
0110
0000
1010
516
0000
0100
1010
0010
517
0100
0010
0011
0000
518
0010
0100
0011
0000
519
0000
0110
0001
0010
520
0000
0110
0010
0001
521
0010
0010
0101
0000
522
0100
0100
0101
0000
523
0100
0010
0001
0100
524
0100
0010
0100
0001
525
0010
0100
0001
0100
526
0010
0100
0100
0001
527
0000
0010
0101
0100
528
0000
0110
0000
0101
529
0010
0010
0010
0100
530
0010
0010
0100
0010
531
0100
0100
0010
0100
532
0100
0100
0100
0010
533
0100
0010
0100
0100
534
0100
0010
0010
0010
535
0100
0010
0000
0110
536
0100
0000
0110
0010
537
0010
0100
0100
0100
538
0010
0100
0010
0010
539
0010
0000
0110
0100
540
0010
0100
0000
0110
541
0000
0100
0110
0100
542
0000
0010
0110
0010
543
1000
0001
0011
0000
544
0001
1000
0011
0000
545
0000
0001
1011
0000
546
0000
1011
0001
0000
547
0000
1001
0001
0010
548
0000
1001
0010
0001
549
0100
0001
0001
0010
550
0100
0001
0010
0001
551
0001
0000
0111
0000
552
0001
0100
0001
0010
553
0001
0100
0010
0001
554
0000
0001
0011
0100
555
0000
0001
0101
0010
556
0000
0001
0110
0001
557
0000
0111
0000
0001
558
0000
0101
0001
0001
559
0000
0101
0000
0011
560
0000
0100
0011
0001
561
0010
0001
1001
0000
562
0001
0010
1001
0000
563
0000
0011
0001
1000
564
0000
0011
1000
0001
565
0001
0001
0101
0000
566
0010
0001
0001
0100
567
0010
0001
0100
0001
568
0001
0010
0001
0100
569
0001
0010
0100
0001
570
0000
0011
0000
0101
571
0000
0010
0101
0001
572
0001
0001
0001
0010
573
0001
0001
0010
0001
574
0010
0010
0001
0010
575
0010
0010
0010
0001
576
0010
0001
0010
0010
577
0010
0001
0001
0001
578
0010
0001
0000
0011
579
0010
0000
0011
0001
580
0001
0010
0010
0010
581
0001
0010
0001
0001
582
0001
0000
0011
0010
583
0001
0010
0000
0011
584
0000
0010
0011
0010
585
0000
0001
0011
0001
586
0000
0000
0101
1100
587
0000
0100
0010
1100
588
0000
0010
0100
1100
589
0000
0000
1110
0100
590
0000
0000
0100
1110
591
0000
0000
1001
1010
592
0000
1000
0001
1100
593
0000
0001
1000
1100
594
0000
0000
1101
1000
595
0000
0000
1000
1101
596
0000
0000
1010
1001
597
0000
1000
0010
1010
598
0000
0010
1000
1010
599
1000
0000
0010
1100
600
0000
1000
0000
1110
601
0010
0000
1000
1100
602
0000
0000
1100
0101
603
0000
1000
0100
0110
604
0000
0100
1000
0110
605
0000
1000
0100
1001
606
0000
0100
1000
1001
607
0000
0100
0100
1010
608
0000
1000
1000
1010
609
1000
0000
0100
1010
610
0100
0000
1000
1010
611
0100
0000
0100
1100
612
1000
0000
1000
1100
613
0000
0000
1001
0101
614
0000
1000
0001
0110
615
0000
0001
1000
0110
616
0000
0000
0001
1110
617
0000
0000
1101
0010
618
0000
0000
1011
0100
619
0000
0000
1000
0111
620
0000
0000
1010
0011
621
0000
1000
0010
0101
622
0000
0010
1000
0101
623
0000
0000
0010
1101
624
0000
0000
1110
0001
625
1000
0000
0010
0110
626
0010
0000
1000
0110
627
0000
0010
0000
1110
628
0000
0000
0011
1010
629
0000
0010
0001
0110
630
0000
0001
0010
0110
631
0000
0000
0111
0010
632
0000
0000
0010
0111
633
0000
0000
0101
1001
634
0000
0100
0001
1010
635
0000
0001
0100
1010
636
0000
0000
0111
1000
637
0000
0000
0100
1011
638
0000
0100
0001
0101
639
0000
0001
0100
0101
640
0100
0000
0001
0110
641
0000
0100
0000
0111
642
0001
0000
0100
0110
643
0000
0100
0010
1001
644
0000
0010
0100
1001
645
0000
0010
0010
1010
646
0100
0000
0010
1010
647
0010
0000
0100
1010
648
0000
0100
0010
0011
649
0000
0010
0100
0011
650
0000
0010
0010
0101
651
0000
0100
0100
0101
652
0100
0000
0010
0101
653
0010
0000
0100
0101
654
0010
0000
0010
0110
655
0100
0000
0100
0110
656
0000
1000
0001
0011
657
0000
0001
1000
0011
658
0000
0000
0001
1011
659
0000
0000
1011
0001
660
0100
0000
0001
0011
661
0001
0000
0100
0011
662
0000
0001
0000
0111
663
0000
0010
0001
1001
664
0000
0001
0010
1001
665
0000
0001
0001
0101
666
0010
0000
0001
0101
667
0001
0000
0010
0101
668
0001
0000
0001
0011
669
0010
0000
0010
0011
670
0011
1100
0000
0000
671
1101
0100
0000
0000
672
0100
1101
0000
0000
673
0101
0100
1000
0000
674
0101
1000
0100
0000
675
1110
0000
0100
0000
676
0100
0110
1000
0000
677
0100
1010
0100
0000
678
0100
1100
0010
0000
679
0110
1000
1000
0000
680
0110
0000
1100
0000
681
0110
0100
0000
1000
682
0010
1100
0100
0000
683
0110
1000
0000
0100
684
1001
1001
0000
0000
685
1011
1000
0000
0000
686
1000
1011
0000
0000
687
1001
0010
1000
0000
688
1001
1000
0010
0000
689
1101
0000
1000
0000
690
1000
0101
1000
0000
691
1000
1001
0100
0000
692
1000
1100
0001
0000
693
1001
1000
1000
0000
694
1001
0100
0100
0000
695
0001
1100
1000
0000
696
1001
0000
1100
0000
697
1001
0100
0000
1000
698
1001
1000
0000
0100
699
1010
0001
1000
0000
700
1010
1000
0001
0000
701
0010
1010
1000
0000
702
1010
0000
1010
0000
703
1010
0010
0000
1000
704
1000
1010
0010
0000
705
1010
1000
0000
0010
706
1110
0000
0000
1000
707
1000
1010
1000
0000
708
1000
0110
0100
0000
709
1000
0110
0000
1000
710
1000
1000
0110
0000
711
1000
1010
0000
0100
712
1000
1100
0000
0010
713
1010
1000
0000
1000
714
1010
0100
0000
0100
715
0010
1100
0000
1000
716
1010
0000
0100
1000
717
1010
0000
1000
0100
718
1100
0011
0000
0000
719
1100
0001
0100
0000
720
1100
0100
0001
0000
721
1100
0010
0010
0000
722
1100
0000
0110
0000
723
1100
0010
0000
0100
724
1100
0100
0000
0010
725
0100
1001
1000
0000
726
1100
0000
1001
0000
727
1100
0001
0000
1000
728
1100
1000
0000
0001
729
0100
1010
0000
1000
730
1100
0000
0010
1000
731
1100
0000
1000
0010
732
1000
1100
0000
1000
733
1100
0000
1000
1000
734
0100
1100
0000
0100
735
1100
0000
0100
0100
736
0100
0100
1000
1000
737
1100
0000
0000
1100
738
1000
1000
0100
0100
739
0001
1101
0000
0000
740
1101
0001
0000
0000
741
1001
0001
0100
0000
742
1001
0100
0001
0000
743
0000
1111
0000
0000
744
0001
0110
1000
0000
745
0001
1010
0100
0000
746
0001
1100
0010
0000
747
1011
0010
0000
0000
748
1111
0000
0000
0000
749
1101
0000
0010
0000
750
1011
0000
0100
0000
751
1000
0011
0100
0000
752
1000
0101
0010
0000
753
1000
0110
0001
0000
754
1001
0010
0010
0000
755
1001
0000
0110
0000
756
1001
0010
0000
0100
757
1001
0100
0000
0010
758
0010
1011
0000
0000
759
1010
0001
0010
0000
760
1010
0010
0001
0000
761
0010
0101
1000
0000
762
0010
1001
0100
0000
763
0010
1100
0001
0000
764
1110
0000
0001
0000
765
1010
0000
0101
0000
766
1010
0001
0000
0100
767
1010
0100
0000
0001
768
0010
0010
1100
0000
769
0010
0110
0000
1000
770
0010
1010
0010
0000
771
0010
1010
0000
0100
772
0010
1100
0000
0010
773
1110
0000
0000
0010
774
1010
0010
0000
0010
775
1010
0000
0010
0100
776
1010
0000
0100
0010
777
1000
0110
0000
0010
778
0011
0010
1000
0000
779
0011
1000
0010
0000
780
0111
0000
0010
0000
781
0010
0011
0100
0000
782
0010
0101
0010
0000
783
0010
0110
0001
0000
784
0011
0100
0100
0000
785
0011
0000
0110
0000
786
0011
0010
0000
0100
787
0001
0110
0010
0000
788
0011
0100
0000
0010
789
0101
0001
1000
0000
790
0101
1000
0001
0000
791
0111
0000
1000
0000
792
0100
0011
1000
0000
793
0100
1001
0010
0000
794
0100
1010
0001
0000
795
0101
0000
1010
0000
796
0101
0010
0000
1000
797
0101
1000
0000
0010
798
0001
0101
0100
0000
799
0101
0000
0101
0000
800
0101
0001
0000
0100
801
0100
0101
0001
0000
802
0101
0100
0000
0001
803
0111
0000
0000
0100
804
0100
0101
0100
0000
805
0100
0011
0010
0000
806
0100
0011
0000
0100
807
0100
0100
0011
0000
808
0100
0101
0000
0010
809
0100
0110
0000
0001
810
0101
0100
0000
0100
811
0101
0010
0000
0010
812
0001
0110
0000
0100
813
0101
0000
0010
0100
814
0101
0000
0100
0010
815
0110
0000
1001
0000
816
0110
0001
0000
1000
817
0110
1000
0000
0001
818
0110
0000
0010
1000
819
0110
0000
1000
0010
820
0100
1010
0000
0010
821
0110
0001
0001
0000
822
0110
0000
0011
0000
823
0110
0001
0000
0010
824
0110
0010
0000
0001
825
0010
0101
0000
0100
826
0110
0000
0001
0100
827
0110
0000
0100
0001
828
0100
0110
0000
0100
829
0110
0000
0100
0100
830
0010
0110
0000
0010
831
0110
0000
0010
0010
832
0010
0010
0100
0100
833
0110
0000
0000
0110
834
0100
0100
0010
0010
835
0001
0011
1000
0000
836
0001
1001
0010
0000
837
0001
1010
0001
0000
838
1011
0000
0001
0000
839
1001
0001
0001
0000
840
1001
0000
0011
0000
841
1001
0001
0000
0010
842
1000
0011
0001
0000
843
1001
0010
0000
0001
844
0001
0001
0110
0000
845
0001
0011
0000
0100
846
0001
0101
0001
0000
847
0001
0101
0000
0010
848
0001
0110
0000
0001
849
0111
0000
0000
0001
850
0101
0001
0000
0001
851
0101
0000
0001
0010
852
0101
0000
0010
0001
853
0100
0011
0000
0001
854
0011
0000
1001
0000
855
0011
0001
0000
1000
856
0010
1001
0001
0000
857
0011
1000
0000
0001
858
0011
0000
0001
0100
859
0011
0000
0100
0001
860
0010
0101
0000
0001
861
0010
0011
0000
0010
862
0011
0000
0010
0010
863
0001
0011
0000
0001
864
0011
0000
0001
0001
865
0001
0001
0010
0010
866
0011
0000
0000
0011
867
0010
0010
0001
0001
868
0000
0011
1100
0000
869
0100
0001
1100
0000
870
0001
0100
1100
0000
871
0000
1101
0100
0000
872
0000
0100
1101
0000
873
0000
0101
0100
1000
874
0000
0101
1000
0100
875
0100
0000
1110
0000
876
0100
0010
0100
1000
877
0100
0010
1000
0100
878
0010
0100
0100
1000
879
0010
0100
1000
0100
880
0000
1110
0000
0100
881
0000
0100
0110
1000
882
0000
0100
1010
0100
883
0000
0100
1100
0010
884
0000
0110
1000
1000
885
0000
0110
0000
1100
886
0000
0010
1100
0100
887
0000
1001
1001
0000
888
1000
0001
1010
0000
889
0001
1000
1010
0000
890
0000
1011
1000
0000
891
0000
1000
1011
0000
892
0000
1001
0010
1000
893
0000
1001
1000
0010
894
1000
0000
1101
0000
895
1000
0001
0100
1000
896
1000
0001
1000
0100
897
0001
1000
0100
1000
898
0001
1000
1000
0100
899
0000
1101
0000
1000
900
0000
1000
0101
1000
901
0000
1000
1001
0100
902
0000
1000
1100
0001
903
0000
1001
1000
1000
904
0000
1001
0100
0100
905
0000
0001
1100
1000
906
0000
1001
0000
1100
907
1000
0010
1001
0000
908
0010
1000
1001
0000
909
0000
1010
0001
1000
910
0000
1010
1000
0001
911
1000
0010
0010
1000
912
1000
0010
1000
0010
913
0010
1000
0010
1000
914
0010
1000
1000
0010
915
0000
0010
1010
1000
916
0000
1010
0000
1010
917
0000
1000
1010
0010
918
1000
0000
0110
1000
919
1000
0000
1010
0100
920
1000
0000
1100
0010
921
1000
0010
1000
1000
922
1000
0010
0100
0100
923
1000
0010
0000
1100
924
0010
1000
1000
1000
925
0010
1000
0100
0100
926
0010
0000
1100
1000
927
0010
1000
0000
1100
928
0000
1000
1010
1000
929
0000
1000
0110
0100
930
0000
1000
1000
0110
931
0000
1100
0011
0000
932
1000
0100
0101
0000
933
0100
1000
0101
0000
934
0000
1100
0001
0100
935
0000
1100
0100
0001
936
1000
0100
0010
0100
937
1000
0100
0100
0010
938
0100
1000
0010
0100
939
0100
1000
0100
0010
940
0000
1100
0010
0010
941
0000
1100
0000
0110
942
0100
0100
1001
0000
943
1000
1000
1001
0000
944
1000
0100
0001
1000
945
1000
0100
1000
0001
946
0100
1000
0001
1000
947
0100
1000
1000
0001
948
0000
0100
1001
1000
949
0000
1100
0000
1001
950
0100
0100
0010
1000
951
0100
0100
1000
0010
952
1000
1000
0010
1000
953
1000
1000
1000
0010
954
1000
0100
0000
1010
955
0100
0000
1010
1000
956
0100
1000
0000
1010
957
0100
0100
0100
0100
958
0100
0100
0000
1100
959
0100
0000
1100
0100
960
1000
1000
1000
1000
961
1000
0000
1100
1000
962
1000
1000
0000
1100
963
1000
0001
0101
0000
964
0001
1000
0101
0000
965
0000
0001
1101
0000
966
0000
1101
0001
0000
967
0000
1001
0001
0100
968
0000
1001
0100
0001
969
1000
0000
0111
0000
970
1000
0001
0010
0100
971
1000
0001
0100
0010
972
0001
0000
1110
0000
973
0001
1000
0010
0100
974
0001
1000
0100
0010
975
0000
0000
1111
0000
976
0000
0001
0110
1000
977
0000
0001
1010
0100
978
0000
0001
1100
0010
979
0000
1011
0010
0000
980
0000
1101
0000
0010
981
0000
1011
0000
0100
982
0000
1000
0011
0100
983
0000
1000
0101
0010
984
0000
1000
0110
0001
985
0000
1001
0010
0010
986
0000
1001
0000
0110
987
1000
0010
0011
0000
988
0010
1000
0011
0000
989
0000
0010
1011
0000
990
0000
1010
0001
0010
991
0000
1010
0010
0001
992
1000
0010
0001
0100
993
1000
0010
0100
0001
994
0010
0000
1101
0000
995
0010
1000
0001
0100
996
0010
1000
0100
0001
997
0000
0010
0101
1000
998
0000
0010
1001
0100
999
0000
0010
1100
0001
1000
0000
1110
0000
0001
1001
0000
1010
0000
0101
1002
1000
0010
0010
0010
1003
1000
0010
0000
0110
1004
1000
0000
0110
0010
1005
0010
0000
0110
1000
1006
0010
0000
1010
0100
1007
0010
0000
1100
0010
1008
0010
1000
0010
0010
1009
0010
1000
0000
0110
1010
0000
0010
0010
1100
1011
0000
0010
1010
0010
1012
0010
0001
1010
0000
1013
0001
0010
1010
0000
1014
0000
0011
0010
1000
1015
0000
0011
1000
0010
1016
0010
0000
0111
0000
1017
0010
0001
0010
0100
1018
0010
0001
0100
0010
1019
0001
0010
0010
0100
1020
0001
0010
0100
0010
1021
0000
0111
0000
0010
1022
0000
0010
0011
0100
1023
0000
0010
0101
0010
1024
0000
0010
0110
0001
1025
0000
0011
0100
0100
1026
0000
0011
0000
0110
1027
0000
0001
0110
0010
1028
0100
0001
1001
0000
1029
0001
0100
1001
0000
1030
0000
0101
0001
1000
1031
0000
0101
1000
0001
1032
0100
0000
1011
0000
1033
0100
0001
0010
1000
1034
0100
0001
1000
0010
1035
0001
0100
0010
1000
1036
0001
0100
1000
0010
1037
0000
0111
0000
1000
1038
0000
0100
0011
1000
1039
0000
0100
1001
0010
1040
0000
0100
1010
0001
1041
0000
0101
0000
1010
1042
0100
0001
0001
0100
1043
0100
0001
0100
0001
1044
0001
0100
0001
0100
1045
0001
0100
0100
0001
1046
0000
0001
0101
0100
1047
0000
0101
0000
0101
1048
0000
0100
0101
0001
1049
0100
0000
0011
0100
1050
0100
0000
0101
0010
1051
0100
0000
0110
0001
1052
0100
0001
0100
0100
1053
0100
0001
0010
0010
1054
0100
0001
0000
0110
1055
0001
0100
0100
0100
1056
0001
0100
0010
0010
1057
0001
0000
0110
0100
1058
0001
0100
0000
0110
1059
0000
0100
0101
0100
1060
0000
0100
0011
0010
1061
0000
0100
0100
0011
1062
0010
0010
1001
0000
1063
0100
0010
0001
1000
1064
0100
0010
1000
0001
1065
0010
0100
0001
1000
1066
0010
0100
1000
0001
1067
0000
0110
0000
1001
1068
0010
0010
0010
1000
1069
0010
0010
1000
0010
1070
0100
0010
0000
1010
1071
0100
0000
1010
0010
1072
0010
0100
0000
1010
1073
0100
0010
0001
0010
1074
0100
0010
0010
0001
1075
0010
0100
0001
0010
1076
0010
0100
0010
0001
1077
0000
0110
0001
0001
1078
0000
0110
0000
0011
1079
0010
0010
0001
0100
1080
0010
0010
0100
0001
1081
0100
0100
0001
0100
1082
0100
0100
0100
0001
1083
0100
0010
0000
0101
1084
0010
0000
0101
0100
1085
0010
0100
0000
0101
1086
0010
0010
0010
0010
1087
0010
0010
0000
0110
1088
0010
0000
0110
0010
1089
0100
0000
0110
0100
1090
0100
0100
0000
0110
1091
1000
0001
0001
0010
1092
1000
0001
0010
0001
1093
0001
0000
1011
0000
1094
0001
1000
0001
0010
1095
0001
1000
0010
0001
1096
0000
0001
0011
1000
1097
0000
0001
1001
0010
1098
0000
0001
1010
0001
1099
0000
1011
0000
0001
1100
0000
1001
0001
0001
1101
0000
1001
0000
0011
1102
0000
1000
0011
0001
1103
0100
0001
0001
0001
1104
0100
0001
0000
0011
1105
0100
0000
0011
0001
1106
0001
0000
0011
0100
1107
0001
0000
0101
0010
1108
0001
0000
0110
0001
1109
0001
0100
0001
0001
1110
0001
0100
0000
0011
1111
0000
0001
0001
0110
1112
0000
0001
0101
0001
1113
0001
0001
1001
0000
1114
0010
0001
0001
1000
1115
0010
0001
1000
0001
1116
0001
0010
0001
1000
1117
0001
0010
1000
0001
1118
0000
0011
0000
1001
1119
0000
0010
1001
0001
1120
0001
0001
0001
0100
1121
0001
0001
0100
0001
1122
0010
0001
0000
0101
1123
0010
0000
0101
0001
1124
0001
0010
0000
0101
1125
0001
0001
0001
0001
1126
0001
0001
0000
0011
1127
0001
0000
0011
0001
1128
0010
0000
0011
0010
1129
0010
0010
0000
0011
1130
0000
0000
0011
1100
1131
0000
0100
0001
1100
1132
0000
0001
0100
1100
1133
0000
0000
1101
0100
1134
0000
0000
0100
1101
1135
0100
0000
0010
1100
1136
0000
0100
0000
1110
1137
0010
0000
0100
1100
1138
0000
0000
1001
1001
1139
0000
1000
0001
1010
1140
0000
0001
1000
1010
1141
0000
0000
1011
1000
1142
0000
0000
1000
1011
1143
1000
0000
0001
1100
1144
0000
1000
0000
1101
1145
0001
0000
1000
1100
1146
0000
1000
0010
1001
1147
0000
0010
1000
1001
1148
1000
0000
0010
1010
1149
0010
0000
1000
1010
1150
1000
0000
0000
1110
1151
0000
0000
1100
0011
1152
0000
1000
0100
0101
1153
0000
0100
1000
0101
1154
1000
0000
0100
0110
1155
0100
0000
1000
0110
1156
0000
0100
0100
1001
1157
0000
1000
1000
1001
1158
1000
0000
0100
1001
1159
0100
0000
1000
1001
1160
0100
0000
0100
1010
1161
1000
0000
1000
1010
1162
0000
1000
0001
0101
1163
0000
0001
1000
0101
1164
0000
0000
0001
1101
1165
0000
0000
1101
0001
1166
1000
0000
0001
0110
1167
0000
1000
0000
0111
1168
0001
0000
1000
0110
1169
0000
0001
0000
1110
1170
0000
0000
0000
1111
1171
0000
0000
1011
0010
1172
0000
1000
0010
0011
1173
0000
0010
1000
0011
1174
0000
0000
0010
1011
1175
1000
0000
0010
0101
1176
0010
0000
1000
0101
1177
0000
0010
0000
1101
1178
0010
0000
0000
1110
1179
0000
0010
0001
1010
1180
0000
0001
0010
1010
1181
0010
0000
0001
0110
1182
0000
0010
0000
0111
1183
0001
0000
0010
0110
1184
0000
0100
0001
1001
1185
0000
0001
0100
1001
1186
0100
0000
0001
1010
1187
0000
0100
0000
1011
1188
0001
0000
0100
1010
1189
0100
0000
0001
0101
1190
0001
0000
0100
0101
1191
0100
0000
0000
0111
1192
0000
0010
0010
1001
1193
0100
0000
0010
1001
1194
0010
0000
0100
1001
1195
0010
0000
0010
1010
1196
0100
0000
0010
0011
1197
0010
0000
0100
0011
1198
0010
0000
0010
0101
1199
0100
0000
0100
0101
1200
1000
0000
0001
0011
1201
0001
0000
1000
0011
1202
0000
0001
0000
1011
1203
0001
0000
0000
0111
1204
0000
0001
0001
1001
1205
0010
0000
0001
1001
1206
0001
0000
0010
1001
1207
0001
0000
0001
0101
1208
0011
0100
1000
0000
1209
0011
1000
0100
0000
1210
1101
0000
0100
0000
1211
0100
0101
1000
0000
1212
0100
1001
0100
0000
1213
0100
1100
0001
0000
1214
0101
1000
1000
0000
1215
0101
0000
1100
0000
1216
0101
0100
0000
1000
1217
0001
1100
0100
0000
1218
0101
1000
0000
0100
1219
1110
0000
0000
0100
1220
0100
0110
0000
1000
1221
0100
1010
0000
0100
1222
0100
1100
0000
0010
1223
0110
1000
0000
1000
1224
0110
0000
0100
1000
1225
0110
0000
1000
0100
1226
0010
1100
0000
0100
1227
1001
0001
1000
0000
1228
1001
1000
0001
0000
1229
1011
0000
1000
0000
1230
1000
0011
1000
0000
1231
1000
1001
0010
0000
1232
1000
1010
0001
0000
1233
0001
1010
1000
0000
1234
1001
0000
1010
0000
1235
1001
0010
0000
1000
1236
1001
1000
0000
0010
1237
1101
0000
0000
1000
1238
1000
1001
1000
0000
1239
1000
0101
0100
0000
1240
1000
0101
0000
1000
1241
1000
1000
0101
0000
1242
1000
1001
0000
0100
1243
1000
1100
0000
0001
1244
1001
1000
0000
1000
1245
1001
0100
0000
0100
1246
0001
1100
0000
1000
1247
1001
0000
0100
1000
1248
1001
0000
1000
0100
1249
0010
1001
1000
0000
1250
1010
0000
1001
0000
1251
1010
0001
0000
1000
1252
1010
1000
0000
0001
1253
0010
1010
0000
1000
1254
1010
0000
0010
1000
1255
1010
0000
1000
0010
1256
1000
1010
0000
0010
1257
1000
1010
0000
1000
1258
1000
0110
0000
0100
1259
1000
1000
0010
0100
1260
1000
1000
0100
0010
1261
1010
0000
1000
1000
1262
1010
0000
0100
0100
1263
0010
0100
1000
1000
1264
1010
0000
0000
1100
1265
1100
0001
0010
0000
1266
1100
0010
0001
0000
1267
1100
0000
0101
0000
1268
1100
0001
0000
0100
1269
1100
0100
0000
0001
1270
1100
0010
0000
0010
1271
1100
0000
0010
0100
1272
1100
0000
0100
0010
1273
0100
1001
0000
1000
1274
1100
0000
0001
1000
1275
1100
0000
1000
0001
1276
0100
0010
1000
1000
1277
1100
0000
0000
1010
1278
0001
0101
1000
0000
1279
0001
1001
0100
0000
1280
0001
1100
0001
0000
1281
1101
0000
0001
0000
1282
1001
0000
0101
0000
1283
1001
0001
0000
0100
1284
1000
0101
0001
0000
1285
1001
0100
0000
0001
1286
0001
0010
1100
0000
1287
0001
0110
0000
1000
1288
0001
1010
0010
0000
1289
0001
1010
0000
0100
1290
0001
1100
0000
0010
1291
1011
0000
0010
0000
1292
1101
0000
0000
0010
1293
1011
0000
0000
0100
1294
1000
0011
0010
0000
1295
1000
0011
0000
0100
1296
1000
0100
0011
0000
1297
1000
0101
0000
0010
1298
1000
0110
0000
0001
1299
1001
0010
0000
0010
1300
1001
0000
0010
0100
1301
1001
0000
0100
0010
1302
0010
0011
1000
0000
1303
0010
1001
0010
0000
1304
0010
1010
0001
0000
1305
1010
0001
0001
0000
1306
1010
0000
0011
0000
1307
1010
0001
0000
0010
1308
1010
0010
0000
0001
1309
0010
0001
1100
0000
1310
0010
0101
0000
1000
1311
0010
1001
0000
0100
1312
0010
1100
0000
0001
1313
1110
0000
0000
0001
1314
1010
0000
0001
0100
1315
1010
0000
0100
0001
1316
0010
0010
0100
1000
1317
0010
0010
1000
0100
1318
0010
1010
0000
0010
1319
1010
0000
0010
0010
1320
1010
0000
0000
0110
1321
1000
0100
0010
0010
1322
0011
0000
1010
0000
1323
0011
0010
0000
1000
1324
0011
1000
0000
0010
1325
0111
0000
0000
0010
1326
0010
0011
0000
0100
1327
0010
0101
0000
0010
1328
0010
0110
0000
0001
1329
0011
0100
0000
0100
1330
0011
0000
0010
0100
1331
0011
0000
0100
0010
1332
0001
0110
0000
0010
1333
0101
0000
1001
0000
1334
0101
0001
0000
1000
1335
0100
1001
0001
0000
1336
0101
1000
0000
0001
1337
0111
0000
0000
1000
1338
0100
0011
0000
1000
1339
0100
1000
0011
0000
1340
0100
1001
0000
0010
1341
0100
1010
0000
0001
1342
0101
0000
0010
1000
1343
0101
0000
1000
0010
1344
0001
0101
0000
0100
1345
0101
0000
0001
0100
1346
0101
0000
0100
0001
1347
0100
0101
0000
0001
1348
0100
0101
0000
0100
1349
0100
0011
0000
0010
1350
0100
0100
0001
0010
1351
0100
0100
0010
0001
1352
0101
0000
0100
0100
1353
0101
0000
0010
0010
1354
0001
0010
0100
0100
1355
0101
0000
0000
0110
1356
0110
0000
0001
1000
1357
0110
0000
1000
0001
1358
0110
0000
0000
1010
1359
0100
1000
0010
0010
1360
0110
0001
0000
0001
1361
0110
0000
0001
0010
1362
0110
0000
0010
0001
1363
0010
0001
0100
0100
1364
0110
0000
0000
0101
1365
0001
0001
1010
0000
1366
0001
0011
0000
1000
1367
0001
1001
0001
0000
1368
0001
1001
0000
0010
1369
0001
1010
0000
0001
1370
1011
0000
0000
0001
1371
1001
0001
0000
0001
1372
1001
0000
0001
0010
1373
1001
0000
0010
0001
1374
1000
0011
0000
0001
1375
0001
0001
0010
0100
1376
0001
0001
0100
0010
1377
0001
0101
0000
0001
1378
0101
0000
0001
0001
1379
0101
0000
0000
0011
1380
0100
0010
0001
0001
1381
0011
0000
0001
1000
1382
0011
0000
1000
0001
1383
0010
1001
0000
0001
1384
0011
0000
0000
0101
1385
0010
0100
0001
0001
1386
0000
0011
0100
1000
1387
0000
0011
1000
0100
1388
0100
0000
1101
0000
1389
0100
0001
0100
1000
1390
0100
0001
1000
0100
1391
0001
0100
0100
1000
1392
0001
0100
1000
0100
1393
0000
1101
0000
0100
1394
0000
0100
0101
1000
1395
0000
0100
1001
0100
1396
0000
0100
1100
0001
1397
0000
0101
1000
1000
1398
0000
0101
0000
1100
1399
0000
0001
1100
0100
1400
0100
0000
0110
1000
1401
0100
0000
1010
0100
1402
0100
0000
1100
0010
1403
0100
0010
0000
1100
1404
0010
0100
0000
1100
1405
0010
0000
1100
0100
1406
1000
0001
1001
0000
1407
0001
1000
1001
0000
1408
0000
1001
0001
1000
1409
0000
1001
1000
0001
1410
1000
0000
1011
0000
1411
1000
0001
0010
1000
1412
1000
0001
1000
0010
1413
0001
1000
0010
1000
1414
0001
1000
1000
0010
1415
0000
1011
0000
1000
1416
0000
1000
0011
1000
1417
0000
1000
1001
0010
1418
0000
1000
1010
0001
1419
0000
0001
1010
1000
1420
0000
1001
0000
1010
1421
1000
0000
0101
1000
1422
1000
0000
1001
0100
1423
1000
0000
1100
0001
1424
1000
0001
1000
1000
1425
1000
0001
0100
0100
1426
1000
0001
0000
1100
1427
0001
1000
1000
1000
1428
0001
1000
0100
0100
1429
0001
0000
1100
1000
1430
0001
1000
0000
1100
1431
0000
1000
1001
1000
1432
0000
1000
0101
0100
1433
0000
1000
1000
0101
1434
1000
0010
0001
1000
1435
1000
0010
1000
0001
1436
0010
1000
0001
1000
1437
0010
1000
1000
0001
1438
0000
0010
1001
1000
1439
0000
1010
0000
1001
1440
1000
0010
0000
1010
1441
1000
0000
1010
0010
1442
0010
0000
1010
1000
1443
0010
1000
0000
1010
1444
1000
0000
1010
1000
1445
1000
0000
0110
0100
1446
1000
0000
1000
0110
1447
0000
1100
0001
0010
1448
0000
1100
0010
0001
1449
1000
0100
0001
0100
1450
1000
0100
0100
0001
1451
0100
1000
0001
0100
1452
0100
1000
0100
0001
1453
0000
1100
0000
0101
1454
1000
0100
0000
0110
1455
0100
1000
0000
0110
1456
0100
0100
0001
1000
1457
0100
0100
1000
0001
1458
1000
1000
0001
1000
1459
1000
1000
1000
0001
1460
1000
0100
0000
1001
1461
0100
0000
1001
1000
1462
0100
1000
0000
1001
1463
0100
0100
0000
1010
1464
1000
1000
0000
1010
1465
1000
0001
0001
0100
1466
1000
0001
0100
0001
1467
0001
0000
1101
0000
1468
0001
1000
0001
0100
1469
0001
1000
0100
0001
1470
0000
0001
0101
1000
1471
0000
0001
1001
0100
1472
0000
0001
1100
0001
1473
0000
1101
0000
0001
1474
0000
1001
0000
0101
1475
0000
1000
0101
0001
1476
1000
0000
0011
0100
1477
1000
0000
0101
0010
1478
1000
0000
0110
0001
1479
1000
0001
0010
0010
1480
1000
0001
0000
0110
1481
0001
0000
0110
1000
1482
0001
0000
1010
0100
1483
0001
0000
1100
0010
1484
0001
1000
0010
0010
1485
0001
1000
0000
0110
1486
0000
0001
0010
1100
1487
0000
0001
1010
0010
1488
0000
1011
0000
0010
1489
0000
1000
0011
0010
1490
0000
1000
0100
0011
1491
1000
0010
0001
0010
1492
1000
0010
0010
0001
1493
0010
0000
1011
0000
1494
0010
1000
0001
0010
1495
0010
1000
0010
0001
1496
0000
0010
0011
1000
1497
0000
0010
1001
0010
1498
0000
0010
1010
0001
1499
0000
1010
0001
0001
1500
0000
1010
0000
0011
1501
1000
0010
0000
0101
1502
0010
0000
0101
1000
1503
0010
0000
1001
0100
1504
0010
0000
1100
0001
1505
0010
1000
0000
0101
1506
0000
0010
0001
1100
1507
0010
0000
0010
1100
1508
0010
0000
1010
0010
1509
0010
0001
0010
1000
1510
0010
0001
1000
0010
1511
0001
0010
0010
1000
1512
0001
0010
1000
0010
1513
0000
0011
0000
1010
1514
0010
0000
0011
0100
1515
0010
0000
0101
0010
1516
0010
0000
0110
0001
1517
0010
0001
0000
0110
1518
0001
0010
0000
0110
1519
0001
0000
0110
0010
1520
0100
0001
0001
1000
1521
0100
0001
1000
0001
1522
0001
0100
0001
1000
1523
0001
0100
1000
0001
1524
0000
0101
0000
1001
1525
0000
0100
1001
0001
1526
0100
0000
0011
1000
1527
0100
0000
1001
0010
1528
0100
0000
1010
0001
1529
0100
0001
0000
1010
1530
0001
0100
0000
1010
1531
0000
0100
1000
0011
1532
0100
0001
0000
0101
1533
0100
0000
0101
0001
1534
0001
0000
0101
0100
1535
0001
0100
0000
0101
1536
0100
0000
0101
0100
1537
0100
0000
0011
0010
1538
0100
0000
0100
0011
1539
0010
0010
0001
1000
1540
0010
0010
1000
0001
1541
0100
0010
0000
1001
1542
0010
0100
0000
1001
1543
0010
0010
0000
1010
1544
0100
0010
0000
0011
1545
0010
0100
0000
0011
1546
0010
0010
0000
0101
1547
0100
0100
0000
0101
1548
1000
0001
0001
0001
1549
1000
0001
0000
0011
1550
1000
0000
0011
0001
1551
0001
0000
0011
1000
1552
0001
0000
1001
0010
1553
0001
0000
1010
0001
1554
0001
1000
0001
0001
1555
0001
1000
0000
0011
1556
0000
0001
0001
1010
1557
0000
0001
1001
0001
1558
0001
0000
0001
0110
1559
0001
0000
0101
0001
1560
0001
0001
0001
1000
1561
0001
0001
1000
0001
1562
0010
0001
0000
1001
1563
0010
0000
1001
0001
1564
0001
0010
0000
1001
1565
0001
0001
0000
0101
1566
0100
0000
0001
1100
1567
0000
0100
0000
1101
1568
0001
0000
0100
1100
1569
0100
0000
0000
1110
1570
0000
1000
0001
1001
1571
0000
0001
1000
1001
1572
1000
0000
0001
1010
1573
0000
1000
0000
1011
1574
0001
0000
1000
1010
1575
1000
0000
0000
1101
1576
1000
0000
0010
1001
1577
0010
0000
1000
1001
1578
1000
0000
0100
0101
1579
0100
0000
1000
0101
1580
0100
0000
0100
1001
1581
1000
0000
1000
1001
1582
1000
0000
0001
0101
1583
0001
0000
1000
0101
1584
0000
0001
0000
1101
1585
1000
0000
0000
0111
1586
0001
0000
0000
1110
1587
1000
0000
0010
0011
1588
0010
0000
1000
0011
1589
0000
0010
0000
1011
1590
0010
0000
0000
1101
1591
0010
0000
0001
1010
1592
0001
0000
0010
1010
1593
0010
0000
0000
0111
1594
0100
0000
0001
1001
1595
0001
0000
0100
1001
1596
0100
0000
0000
1011
1597
0010
0000
0010
1001
1598
0001
0000
0000
1011
1599
0001
0000
0001
1001
1600
0011
1000
1000
0000
1601
0011
0000
1100
0000
1602
0011
0100
0000
1000
1603
0011
1000
0000
0100
1604
1101
0000
0000
0100
1605
0100
0101
0000
1000
1606
0100
1001
0000
0100
1607
0100
1100
0000
0001
1608
0101
1000
0000
1000
1609
0101
0000
0100
1000
1610
0101
0000
1000
0100
1611
0001
1100
0000
0100
1612
0110
0000
1000
1000
1613
0110
0000
0000
1100
1614
0001
1001
1000
0000
1615
1001
0000
1001
0000
1616
1001
0001
0000
1000
1617
1000
1001
0001
0000
1618
1001
1000
0000
0001
1619
1011
0000
0000
1000
1620
1000
0011
0000
1000
1621
1000
1000
0011
0000
1622
1000
1001
0000
0010
1623
1000
1010
0000
0001
1624
0001
1010
0000
1000
1625
1001
0000
0010
1000
1626
1001
0000
1000
0010
1627
1000
1001
0000
1000
1628
1000
0101
0000
0100
1629
1000
1000
0001
0100
1630
1000
1000
0100
0001
1631
1001
0000
1000
1000
1632
1001
0000
0100
0100
1633
0001
0100
1000
1000
1634
1001
0000
0000
1100
1635
0010
1001
0000
1000
1636
1010
0000
0001
1000
1637
1010
0000
1000
0001
1638
0010
0010
1000
1000
1639
1010
0000
0000
1010
1640
1000
1000
0010
0010
1641
1000
1000
0000
0110
1642
1100
0001
0001
0000
1643
1100
0000
0011
0000
1644
1100
0001
0000
0010
1645
1100
0010
0000
0001
1646
1100
0000
0001
0100
1647
1100
0000
0100
0001
1648
1100
0000
0010
0010
1649
1100
0000
0000
0110
1650
0100
0001
1000
1000
1651
1100
0000
0000
1001
1652
0001
0001
1100
0000
1653
0001
0101
0000
1000
1654
0001
1001
0000
0100
1655
0001
1100
0000
0001
1656
1101
0000
0000
0001
1657
1001
0000
0001
0100
1658
1001
0000
0100
0001
1659
1000
0101
0000
0001
1660
0001
0010
0100
1000
1661
0001
0010
1000
0100
1662
0001
1010
0000
0010
1663
1011
0000
0000
0010
1664
1000
0011
0000
0010
1665
1000
0100
0001
0010
1666
1000
0100
0010
0001
1667
1001
0000
0010
0010
1668
1001
0000
0000
0110
1669
0010
0011
0000
1000
1670
0010
1001
0000
0010
1671
0010
1010
0000
0001
1672
1010
0001
0000
0001
1673
1010
0000
0001
0010
1674
1010
0000
0010
0001
1675
0010
0001
0100
1000
1676
0010
0001
1000
0100
1677
1010
0000
0000
0101
1678
0010
0010
0000
1100
1679
0011
0000
0010
1000
1680
0011
0000
1000
0010
1681
0011
0000
0100
0100
1682
0011
0000
0000
0110
1683
0101
0000
0001
1000
1684
0101
0000
1000
0001
1685
0100
1001
0000
0001
1686
0100
1000
0001
0010
1687
0100
1000
0010
0001
1688
0101
0000
0000
1010
1689
0001
0001
0100
0100
1690
0101
0000
0000
0101
1691
0100
0100
0001
0001
1692
0100
0100
0000
0011
1693
0110
0000
0000
1001
1694
0110
0000
0001
0001
1695
0110
0000
0000
0011
1696
0001
0001
0010
1000
1697
0001
0001
1000
0010
1698
0001
1001
0000
0001
1699
1001
0000
0001
0001
1700
1001
0000
0000
0011
1701
1000
0010
0001
0001
1702
0001
0001
0000
0110
1703
0011
0000
0000
1001
1704
0010
1000
0001
0001
1705
0000
0011
1000
1000
1706
0000
0011
0000
1100
1707
0100
0000
0101
1000
1708
0100
0000
1001
0100
1709
0100
0000
1100
0001
1710
0100
0001
0000
1100
1711
0001
0100
0000
1100
1712
0001
0000
1100
0100
1713
1000
0001
0001
1000
1714
1000
0001
1000
0001
1715
0001
1000
0001
1000
1716
0001
1000
1000
0001
1717
0000
0001
1001
1000
1718
0000
1001
0000
1001
1719
0000
1000
1001
0001
1720
1000
0000
0011
1000
1721
1000
0000
1001
0010
1722
1000
0000
1010
0001
1723
1000
0001
0000
1010
1724
0001
0000
1010
1000
1725
0001
1000
0000
1010
1726
0000
1000
1000
0011
1727
1000
0000
1001
1000
1728
1000
0000
0101
0100
1729
1000
0000
1000
0101
1730
1000
0010
0000
1001
1731
0010
0000
1001
1000
1732
0010
1000
0000
1001
1733
0000
1100
0001
0001
1734
0000
1100
0000
0011
1735
1000
0100
0000
0101
1736
0100
1000
0000
0101
1737
0100
0100
0000
1001
1738
1000
1000
0000
1001
1739
1000
0001
0000
0101
1740
1000
0000
0101
0001
1741
0001
0000
0101
1000
1742
0001
0000
1001
0100
1743
0001
0000
1100
0001
1744
0001
1000
0000
0101
1745
0000
0001
0001
1100
1746
1000
0000
0011
0010
1747
1000
0000
0100
0011
1748
0001
0000
0010
1100
1749
0001
0000
1010
0010
1750
1000
0010
0000
0011
1751
0010
0000
0011
1000
1752
0010
0000
1001
0010
1753
0010
0000
1010
0001
1754
0010
1000
0000
0011
1755
0010
0000
0001
1100
1756
0010
0001
0000
1010
1757
0001
0010
0000
1010
1758
0100
0001
0000
1001
1759
0100
0000
1001
0001
1760
0001
0100
0000
1001
1761
0100
0000
1000
0011
1762
0010
0010
0000
1001
1763
0001
0000
0001
1010
1764
0001
0000
1001
0001
1765
0001
0001
0000
1001
1766
0100
0000
0000
1101
1767
1000
0000
0001
1001
1768
0001
0000
1000
1001
1769
1000
0000
0000
1011
1770
0001
0000
0000
1101
1771
0010
0000
0000
1011
1772
0011
1000
0000
1000
1773
0011
0000
0100
1000
1774
0011
0000
1000
0100
1775
0101
0000
1000
1000
1776
0101
0000
0000
1100
1777
0001
1001
0000
1000
1778
1001
0000
0001
1000
1779
1001
0000
1000
0001
1780
1000
1001
0000
0001
1781
1000
1000
0001
0010
1782
1000
1000
0010
0001
1783
0001
0010
1000
1000
1784
1001
0000
0000
1010
1785
1000
1000
0000
0101
1786
0010
0001
1000
1000
1787
1010
0000
0000
1001
1788
1100
0001
0000
0001
1789
1100
0000
0001
0010
1790
1100
0000
0010
0001
1791
1100
0000
0000
0101
1792
0001
0001
0100
1000
1793
0001
0001
1000
0100
1794
1001
0000
0000
0101
1795
1000
0100
0001
0001
1796
0001
0010
0000
1100
1797
1000
0100
0000
0011
1798
1010
0000
0001
0001
1799
1010
0000
0000
0011
1800
0010
0001
0000
1100
1801
0011
0000
0000
1010
1802
0101
0000
0000
1001
1803
0100
1000
0001
0001
1804
0100
1000
0000
0011
1805
0001
0001
0000
1010
1806
1000
0001
0000
1001
1807
1000
0000
1001
0001
1808
0001
0000
1001
1000
1809
0001
1000
0000
1001
1810
1000
0000
1000
0011
1811
0001
0000
0001
1100
1812
0011
0000
1000
1000
1813
0011
0000
0000
1100
1814
0001
0001
1000
1000
1815
1001
0000
0000
1001
1816
1000
1000
0001
0001
1817
1000
1000
0000
0011
1818
1100
0000
0001
0001
1819
1100
0000
0000
0011
1820
0001
0001
0000
1100
12 50304
1100
0100
1000
0000
115 8976
0010
0011
0001
0000
213 2122
0000
1000
0100
1010
667 4133
0001
0000
0010
0101
1 1
